2023-28-13 22:28:47 INFO     Saving logs in logs/01_13/WN18/TransE_22_28_47
2023-28-13 22:28:47 INFO     active_num = 1000
2023-28-13 22:28:47 INFO     batch_size = 500
2023-28-13 22:28:47 INFO     counter = 10
2023-28-13 22:28:47 INFO     dataset = WN18
2023-28-13 22:28:47 INFO     debug = False
2023-28-13 22:28:47 INFO     device = cuda
2023-28-13 22:28:47 INFO     dyn_scale = False
2023-28-13 22:28:47 INFO     expected_completion_ratio = 0.99
2023-28-13 22:28:47 INFO     hidden_size = 200
2023-28-13 22:28:47 INFO     incremental_learning_rate = 0.001
2023-28-13 22:28:47 INFO     max_epochs = 200
2023-28-13 22:28:47 INFO     model = TransE
2023-28-13 22:28:47 INFO     n_ent = 40943
2023-28-13 22:28:47 INFO     n_rel = 18
2023-28-13 22:28:47 INFO     need_pretrain = True
2023-28-13 22:28:47 INFO     neg_size = -1
2023-28-13 22:28:47 INFO     optimizer = Adam
2023-28-13 22:28:47 INFO     pretrain_learning_rate = 0.001
2023-28-13 22:28:47 INFO     reg_weight = 0
2023-28-13 22:28:47 INFO     regularizer = F2
2023-28-13 22:28:47 INFO     setting = active_learning
2023-28-13 22:28:47 INFO     sta_scale = 1
2023-28-13 22:28:47 INFO     train_ratio = 0.9
2023-28-13 22:28:47 INFO     valid_period = 5
2023-28-13 22:28:47 INFO     	 Loading WN18 in active_learning setting, with shape (40943, 18)
2023-28-13 22:28:49 INFO     Total number of parameters 8195800
2023-28-13 22:28:49 INFO     	 Start Init Training.
2023-28-13 22:28:53 INFO     	 Epoch 0 | average train loss: 215.0857
2023-28-13 22:28:53 INFO     	 Epoch 0 | average valid loss: 0.0000
2023-28-13 22:28:57 INFO     	 Epoch 1 | average train loss: 196.0737
2023-28-13 22:28:57 INFO     	 Epoch 1 | average valid loss: 0.0000
