2023-27-16 10:27:07 INFO     Saving logs in logs/01_16/WN18/TransE_10_27_07
2023-27-16 10:27:07 INFO     active_num = 1000
2023-27-16 10:27:07 INFO     batch_size = 500
2023-27-16 10:27:07 INFO     counter = 10
2023-27-16 10:27:07 INFO     dataset = WN18
2023-27-16 10:27:07 INFO     debug = False
2023-27-16 10:27:07 INFO     device = cuda
2023-27-16 10:27:07 INFO     dyn_scale = False
2023-27-16 10:27:07 INFO     expected_completion_ratio = 0.99
2023-27-16 10:27:07 INFO     hidden_size = 200
2023-27-16 10:27:07 INFO     incremental_learning_rate = 0.001
2023-27-16 10:27:07 INFO     init_scale = 0.001
2023-27-16 10:27:07 INFO     max_epochs = 200
2023-27-16 10:27:07 INFO     model = TransE
2023-27-16 10:27:07 INFO     n_ent = 40943
2023-27-16 10:27:07 INFO     n_rel = 18
2023-27-16 10:27:07 INFO     neg_size = -1
2023-27-16 10:27:07 INFO     optimizer = Adam
2023-27-16 10:27:07 INFO     patient = 10
2023-27-16 10:27:07 INFO     pretrain_learning_rate = 0.001
2023-27-16 10:27:07 INFO     pretrained_model_id = None
2023-27-16 10:27:07 INFO     reg_weight = 0
2023-27-16 10:27:07 INFO     regularizer = F2
2023-27-16 10:27:07 INFO     save_dir = logs/01_16/WN18/TransE_10_27_07
2023-27-16 10:27:07 INFO     setting = active_learning
2023-27-16 10:27:07 INFO     sta_scale = 1
2023-27-16 10:27:07 INFO     train_ratio = 0.9
2023-27-16 10:27:07 INFO     valid_period = 5
2023-27-16 10:27:07 INFO     	 Loading WN18 in active_learning setting, with shape (40943, 18)
2023-27-16 10:27:16 INFO     Total number of parameters 8195800
2023-27-16 10:27:16 INFO     	 Do not specific a pretraiend model, then training from scratch.
2023-27-16 10:27:16 INFO     	 Start pretraining phase 1: on training split.
2023-27-16 10:27:20 INFO     	 Epoch 0 | average train loss: 10.0156
2023-27-16 10:27:21 INFO     	 Epoch 0 | average valid loss: 18.0747
2023-27-16 10:27:24 INFO     	 Epoch 1 | average train loss: 8.0834
2023-27-16 10:27:24 INFO     	 Epoch 1 | average valid loss: 15.1086
2023-27-16 10:27:28 INFO     	 Epoch 2 | average train loss: 5.9657
2023-27-16 10:27:28 INFO     	 Epoch 2 | average valid loss: 11.3233
2023-27-16 10:27:32 INFO     	 Epoch 3 | average train loss: 3.9315
2023-27-16 10:27:32 INFO     	 Epoch 3 | average valid loss: 8.8184
2023-27-16 10:27:36 INFO     	 Epoch 4 | average train loss: 2.9909
2023-27-16 10:27:36 INFO     	 Epoch 4 | average valid loss: 7.7977
2023-44-16 10:44:17 INFO     	 Epoch 5 | average train loss: 2.5847
2023-44-16 10:44:18 INFO     	 Epoch 5 | average valid loss: 7.2413
2023-44-16 10:44:21 INFO     	 Epoch 6 | average train loss: 2.3388
2023-44-16 10:44:21 INFO     	 Epoch 6 | average valid loss: 6.9070
