2023-45-13 10:45:22 INFO     Saving logs in logs/01_13/WN18/TransE_10_45_22
2023-45-13 10:45:22 INFO     active_num = 1000
2023-45-13 10:45:22 INFO     counter = 10
2023-45-13 10:45:22 INFO     dataset = WN18
2023-45-13 10:45:22 INFO     debug = False
2023-45-13 10:45:22 INFO     device = None
2023-45-13 10:45:22 INFO     expected_completion_ratio = 0.99
2023-45-13 10:45:22 INFO     hidden_size = 200
2023-45-13 10:45:22 INFO     incremental_learning_rate = 0.001
2023-45-13 10:45:22 INFO     max_epochs = 200
2023-45-13 10:45:22 INFO     model = TransE
2023-45-13 10:45:22 INFO     n_ent = 40943
2023-45-13 10:45:22 INFO     n_rel = 18
2023-45-13 10:45:22 INFO     need_pretrain = False
2023-45-13 10:45:22 INFO     pretrain_learning_rate = 0.001
2023-45-13 10:45:22 INFO     reg_weight = 0
2023-45-13 10:45:22 INFO     regularizer = F2
2023-45-13 10:45:22 INFO     setting = active_learning
2023-45-13 10:45:22 INFO     train_ratio = 0.9
2023-45-13 10:45:22 INFO     valid_period = 5
2023-45-13 10:45:22 INFO     	 Loading WN18 in active_learning setting, with shape <bound method KGDataset.get_shape of <dataset.KGDataset.KGDataset object at 0x7fc104f47400>>
