2023-53-16 09:53:59 INFO     Saving logs in logs/01_16/WN18/TransE_09_53_59
2023-53-16 09:53:59 INFO     active_num = 1000
2023-53-16 09:53:59 INFO     batch_size = 500
2023-53-16 09:53:59 INFO     counter = 10
2023-53-16 09:53:59 INFO     dataset = WN18
2023-53-16 09:53:59 INFO     debug = False
2023-53-16 09:53:59 INFO     device = cuda
2023-53-16 09:53:59 INFO     dyn_scale = False
2023-53-16 09:53:59 INFO     expected_completion_ratio = 0.99
2023-53-16 09:53:59 INFO     hidden_size = 200
2023-53-16 09:53:59 INFO     incremental_learning_rate = 0.001
2023-53-16 09:53:59 INFO     max_epochs = 200
2023-53-16 09:53:59 INFO     model = TransE
2023-53-16 09:53:59 INFO     n_ent = 40943
2023-53-16 09:53:59 INFO     n_rel = 18
2023-53-16 09:53:59 INFO     neg_size = -1
2023-53-16 09:53:59 INFO     optimizer = Adam
2023-53-16 09:53:59 INFO     patient = 10
2023-53-16 09:53:59 INFO     pretrain_learning_rate = 0.001
2023-53-16 09:53:59 INFO     pretrained_model_id = None
2023-53-16 09:53:59 INFO     reg_weight = 0
2023-53-16 09:53:59 INFO     regularizer = F2
2023-53-16 09:53:59 INFO     save_dir = logs/01_16/WN18/TransE_09_53_59
2023-53-16 09:53:59 INFO     setting = active_learning
2023-53-16 09:53:59 INFO     sta_scale = 1
2023-53-16 09:53:59 INFO     train_ratio = 0.9
2023-53-16 09:53:59 INFO     valid_period = 5
2023-53-16 09:53:59 INFO     	 Loading WN18 in active_learning setting, with shape (40943, 18)
2023-54-16 09:54:08 INFO     Total number of parameters 8195800
2023-54-16 09:54:08 INFO     	 Do not specific a pretraiend model, then training from scratch.
2023-54-16 09:54:08 INFO     	 Start pretraining phase 1: on training split.
2023-54-16 09:54:12 INFO     	 Epoch 0 | average train loss: 381.5492
2023-54-16 09:54:12 INFO     	 Epoch 0 | average valid loss: 722.5367
2023-54-16 09:54:16 INFO     	 Epoch 1 | average train loss: 341.2697
2023-54-16 09:54:16 INFO     	 Epoch 1 | average valid loss: 651.9296
2023-54-16 09:54:20 INFO     	 Epoch 2 | average train loss: 303.4846
2023-54-16 09:54:20 INFO     	 Epoch 2 | average valid loss: 585.0826
2023-54-16 09:54:23 INFO     	 Epoch 3 | average train loss: 266.4855
2023-54-16 09:54:24 INFO     	 Epoch 3 | average valid loss: 518.2048
2023-54-16 09:54:27 INFO     	 Epoch 4 | average train loss: 230.6332
2023-54-16 09:54:27 INFO     	 Epoch 4 | average valid loss: 455.2690
