2023-49-16 09:49:51 INFO     Saving logs in logs/01_16/WN18/TransE_09_49_51
2023-49-16 09:49:51 INFO     active_num = 1000
2023-49-16 09:49:51 INFO     batch_size = 500
2023-49-16 09:49:51 INFO     counter = 10
2023-49-16 09:49:51 INFO     dataset = WN18
2023-49-16 09:49:51 INFO     debug = False
2023-49-16 09:49:51 INFO     device = cuda
2023-49-16 09:49:51 INFO     dyn_scale = False
2023-49-16 09:49:51 INFO     expected_completion_ratio = 0.99
2023-49-16 09:49:51 INFO     hidden_size = 200
2023-49-16 09:49:51 INFO     incremental_learning_rate = 0.001
2023-49-16 09:49:51 INFO     max_epochs = 200
2023-49-16 09:49:51 INFO     model = TransE
2023-49-16 09:49:51 INFO     n_ent = 40943
2023-49-16 09:49:51 INFO     n_rel = 18
2023-49-16 09:49:51 INFO     neg_size = -1
2023-49-16 09:49:51 INFO     optimizer = Adam
2023-49-16 09:49:51 INFO     patient = 10
2023-49-16 09:49:51 INFO     pretrain_learning_rate = 0.001
2023-49-16 09:49:51 INFO     pretrained_model_id = None
2023-49-16 09:49:51 INFO     reg_weight = 0
2023-49-16 09:49:51 INFO     regularizer = F2
2023-49-16 09:49:51 INFO     save_dir = logs/01_16/WN18/TransE_09_49_51
2023-49-16 09:49:51 INFO     setting = active_learning
2023-49-16 09:49:51 INFO     sta_scale = 1
2023-49-16 09:49:51 INFO     train_ratio = 0.9
2023-49-16 09:49:51 INFO     valid_period = 5
2023-49-16 09:49:51 INFO     	 Loading WN18 in active_learning setting, with shape (40943, 18)
2023-50-16 09:50:00 INFO     Total number of parameters 8195800
2023-50-16 09:50:04 INFO     	 Do not specific a pretraiend model, then training from scratch.
2023-50-16 09:50:11 INFO     	 Start pretraining phase 1: on training split.
2023-50-16 09:50:15 INFO     	 Epoch 0 | average train loss: 379.4818
2023-50-16 09:50:15 INFO     	 Epoch 0 | average valid loss: 717.9150
2023-50-16 09:50:19 INFO     	 Epoch 1 | average train loss: 338.9066
2023-50-16 09:50:19 INFO     	 Epoch 1 | average valid loss: 646.3223
2023-50-16 09:50:23 INFO     	 Epoch 2 | average train loss: 300.3810
2023-50-16 09:50:23 INFO     	 Epoch 2 | average valid loss: 577.5180
2023-50-16 09:50:27 INFO     	 Epoch 3 | average train loss: 262.3516
2023-50-16 09:50:27 INFO     	 Epoch 3 | average valid loss: 509.8626
2023-50-16 09:50:30 INFO     	 Epoch 4 | average train loss: 226.7173
2023-50-16 09:50:31 INFO     	 Epoch 4 | average valid loss: 449.1870
