2023-47-17 20:47:59 INFO     Saving logs in logs/01_17/WN18/TransE_20_47_59
2023-47-17 20:47:59 INFO     active_num = 1000
2023-47-17 20:47:59 INFO     batch_size = 500
2023-47-17 20:47:59 INFO     counter = 10
2023-47-17 20:47:59 INFO     dataset = WN18
2023-47-17 20:47:59 INFO     debug = False
2023-47-17 20:47:59 INFO     device = cuda
2023-47-17 20:47:59 INFO     dyn_scale = False
2023-47-17 20:47:59 INFO     expected_completion_ratio = 0.99
2023-47-17 20:47:59 INFO     hidden_size = 200
2023-47-17 20:47:59 INFO     incremental_learning_method = finetune
2023-47-17 20:47:59 INFO     incremental_learning_rate = 0.001
2023-47-17 20:47:59 INFO     init_scale = 0.001
2023-47-17 20:47:59 INFO     jump_phase_1 = False
2023-47-17 20:47:59 INFO     max_epochs = 10
2023-47-17 20:47:59 INFO     model = TransE
2023-47-17 20:47:59 INFO     n_ent = 40943
2023-47-17 20:47:59 INFO     n_rel = 18
2023-47-17 20:47:59 INFO     neg_size = -1
2023-47-17 20:47:59 INFO     optimizer = Adam
2023-47-17 20:47:59 INFO     patient = 10
2023-47-17 20:47:59 INFO     pretrain_learning_rate = 0.001
2023-47-17 20:47:59 INFO     pretrained_model_id = None
2023-47-17 20:47:59 INFO     reg_weight = 0
2023-47-17 20:47:59 INFO     regularizer = F2
2023-47-17 20:47:59 INFO     save_dir = logs/01_17/WN18/TransE_20_47_59
2023-47-17 20:47:59 INFO     setting = active_learning
2023-47-17 20:47:59 INFO     sta_scale = 1
2023-47-17 20:47:59 INFO     train_ratio = 0.9
2023-47-17 20:47:59 INFO     valid_period = 5
2023-47-17 20:47:59 INFO     	 Loading WN18 in active_learning setting, with shape (40943, 18)
2023-48-17 20:48:01 INFO     Total number of parameters 8195800
2023-48-17 20:48:01 INFO     	 Do not specific a pretraiend model, then training from scratch.
2023-48-17 20:48:01 INFO     	 Start pretraining phase 1: on training split.
2023-48-17 20:48:05 INFO     	 Epoch 0 | average train loss: 10.0111
2023-48-17 20:48:05 INFO     	 Epoch 0 | average valid loss: 18.0542
2023-48-17 20:48:09 INFO     	 Epoch 1 | average train loss: 8.0802
2023-48-17 20:48:09 INFO     	 Epoch 1 | average valid loss: 15.1186
2023-48-17 20:48:13 INFO     	 Epoch 2 | average train loss: 5.9697
2023-48-17 20:48:13 INFO     	 Epoch 2 | average valid loss: 11.3472
2023-48-17 20:48:17 INFO     	 Epoch 3 | average train loss: 3.9346
2023-48-17 20:48:17 INFO     	 Epoch 3 | average valid loss: 8.8329
2023-48-17 20:48:21 INFO     	 Epoch 4 | average train loss: 2.9915
2023-48-17 20:48:21 INFO     	 Epoch 4 | average valid loss: 7.8214
2023-48-17 20:48:23 INFO     MRR: 0.348, Hits@1: 0.213, Hits@3: 0.411, Hits@10: 0.615 
2023-48-17 20:48:23 INFO     Best results updated, save current model.
2023-48-17 20:48:26 INFO     	 Epoch 5 | average train loss: 2.5861
2023-48-17 20:48:27 INFO     	 Epoch 5 | average valid loss: 7.2606
2023-48-17 20:48:30 INFO     	 Epoch 6 | average train loss: 2.3403
2023-48-17 20:48:30 INFO     	 Epoch 6 | average valid loss: 6.9348
2023-48-17 20:48:34 INFO     	 Epoch 7 | average train loss: 2.1685
2023-48-17 20:48:34 INFO     	 Epoch 7 | average valid loss: 6.7065
2023-48-17 20:48:38 INFO     	 Epoch 8 | average train loss: 2.0424
2023-48-17 20:48:38 INFO     	 Epoch 8 | average valid loss: 6.5356
2023-48-17 20:48:42 INFO     	 Epoch 9 | average train loss: 1.9467
2023-48-17 20:48:42 INFO     	 Epoch 9 | average valid loss: 6.4044
2023-48-17 20:48:43 INFO     MRR: 0.379, Hits@1: 0.255, Hits@3: 0.435, Hits@10: 0.631 
2023-48-17 20:48:43 INFO     Best results updated, save current model.
2023-48-17 20:48:43 INFO     	 Pretrain phase 1 finished Optimization finished, get the best training epoch
2023-48-17 20:48:43 INFO     	 Start the pretrain phase 2: both train and valid data
2023-48-17 20:48:47 INFO     	 Epoch 0 | average train loss: 9.9140
2023-48-17 20:48:52 INFO     	 Epoch 1 | average train loss: 7.7996
2023-48-17 20:48:56 INFO     	 Epoch 2 | average train loss: 5.4184
2023-49-17 20:49:00 INFO     	 Epoch 3 | average train loss: 3.5419
2023-49-17 20:49:04 INFO     	 Epoch 4 | average train loss: 2.8274
2023-49-17 20:49:08 INFO     	 Epoch 5 | average train loss: 2.4894
2023-49-17 20:49:12 INFO     	 Epoch 6 | average train loss: 2.2763
2023-49-17 20:49:16 INFO     	 Epoch 7 | average train loss: 2.1296
2023-49-17 20:49:20 INFO     	 Epoch 8 | average train loss: 2.0205
2023-49-17 20:49:20 INFO     	 Pretrain phase 2 finished Optimization finished.
2023-49-17 20:49:20 INFO     	 Saving model in logs/01_17/WN18/TransE_20_47_59
