2023-53-16 09:53:16 INFO     Saving logs in logs/01_16/WN18/TransE_09_53_16
2023-53-16 09:53:16 INFO     active_num = 1000
2023-53-16 09:53:16 INFO     batch_size = 500
2023-53-16 09:53:16 INFO     counter = 10
2023-53-16 09:53:16 INFO     dataset = WN18
2023-53-16 09:53:16 INFO     debug = False
2023-53-16 09:53:16 INFO     device = cuda
2023-53-16 09:53:16 INFO     dyn_scale = False
2023-53-16 09:53:16 INFO     expected_completion_ratio = 0.99
2023-53-16 09:53:16 INFO     hidden_size = 200
2023-53-16 09:53:16 INFO     incremental_learning_rate = 0.001
2023-53-16 09:53:16 INFO     max_epochs = 200
2023-53-16 09:53:16 INFO     model = TransE
2023-53-16 09:53:16 INFO     n_ent = 40943
2023-53-16 09:53:16 INFO     n_rel = 18
2023-53-16 09:53:16 INFO     neg_size = -1
2023-53-16 09:53:16 INFO     optimizer = Adam
2023-53-16 09:53:16 INFO     patient = 10
2023-53-16 09:53:16 INFO     pretrain_learning_rate = 0.001
2023-53-16 09:53:16 INFO     pretrained_model_id = None
2023-53-16 09:53:16 INFO     reg_weight = 0
2023-53-16 09:53:16 INFO     regularizer = F2
2023-53-16 09:53:16 INFO     save_dir = logs/01_16/WN18/TransE_09_53_16
2023-53-16 09:53:16 INFO     setting = active_learning
2023-53-16 09:53:16 INFO     sta_scale = 1
2023-53-16 09:53:16 INFO     train_ratio = 0.9
2023-53-16 09:53:16 INFO     valid_period = 5
2023-53-16 09:53:16 INFO     	 Loading WN18 in active_learning setting, with shape (40943, 18)
2023-53-16 09:53:24 INFO     Total number of parameters 8195800
2023-53-16 09:53:24 INFO     	 Do not specific a pretraiend model, then training from scratch.
2023-53-16 09:53:24 INFO     	 Start pretraining phase 1: on training split.
2023-53-16 09:53:29 INFO     	 Epoch 0 | average train loss: 380.9627
2023-53-16 09:53:29 INFO     	 Epoch 0 | average valid loss: 719.1746
2023-53-16 09:53:32 INFO     	 Epoch 1 | average train loss: 340.2616
2023-53-16 09:53:32 INFO     	 Epoch 1 | average valid loss: 647.0551
2023-53-16 09:53:36 INFO     	 Epoch 2 | average train loss: 301.8083
2023-53-16 09:53:36 INFO     	 Epoch 2 | average valid loss: 578.0552
2023-53-16 09:53:40 INFO     	 Epoch 3 | average train loss: 263.6727
2023-53-16 09:53:40 INFO     	 Epoch 3 | average valid loss: 509.0558
2023-53-16 09:53:44 INFO     	 Epoch 4 | average train loss: 227.9176
2023-53-16 09:53:44 INFO     	 Epoch 4 | average valid loss: 447.9706
