2023-11-16 10:11:19 INFO     Saving logs in logs/01_16/WN18/TransE_10_11_19
2023-11-16 10:11:19 INFO     active_num = 1000
2023-11-16 10:11:19 INFO     batch_size = 500
2023-11-16 10:11:19 INFO     counter = 10
2023-11-16 10:11:19 INFO     dataset = WN18
2023-11-16 10:11:19 INFO     debug = False
2023-11-16 10:11:19 INFO     device = cuda
2023-11-16 10:11:19 INFO     dyn_scale = False
2023-11-16 10:11:19 INFO     expected_completion_ratio = 0.99
2023-11-16 10:11:19 INFO     hidden_size = 200
2023-11-16 10:11:19 INFO     incremental_learning_rate = 0.001
2023-11-16 10:11:19 INFO     init_scale = 0.001
2023-11-16 10:11:19 INFO     max_epochs = 200
2023-11-16 10:11:19 INFO     model = TransE
2023-11-16 10:11:19 INFO     n_ent = 40943
2023-11-16 10:11:19 INFO     n_rel = 18
2023-11-16 10:11:19 INFO     neg_size = -1
2023-11-16 10:11:19 INFO     optimizer = Adam
2023-11-16 10:11:19 INFO     patient = 10
2023-11-16 10:11:19 INFO     pretrain_learning_rate = 0.001
2023-11-16 10:11:19 INFO     pretrained_model_id = None
2023-11-16 10:11:19 INFO     reg_weight = 0
2023-11-16 10:11:19 INFO     regularizer = F2
2023-11-16 10:11:19 INFO     save_dir = logs/01_16/WN18/TransE_10_11_19
2023-11-16 10:11:19 INFO     setting = active_learning
2023-11-16 10:11:19 INFO     sta_scale = 1
2023-11-16 10:11:19 INFO     train_ratio = 0.9
2023-11-16 10:11:19 INFO     valid_period = 5
2023-11-16 10:11:19 INFO     	 Loading WN18 in active_learning setting, with shape (40943, 18)
2023-11-16 10:11:28 INFO     Total number of parameters 8195800
2023-11-16 10:11:28 INFO     	 Do not specific a pretraiend model, then training from scratch.
2023-11-16 10:11:28 INFO     	 Start pretraining phase 1: on training split.
2023-11-16 10:11:32 INFO     	 Epoch 0 | average train loss: 10.0191
2023-11-16 10:11:32 INFO     	 Epoch 0 | average valid loss: 18.0257
2023-11-16 10:11:36 INFO     	 Epoch 1 | average train loss: 8.0674
2023-11-16 10:11:36 INFO     	 Epoch 1 | average valid loss: 15.0904
2023-11-16 10:11:40 INFO     	 Epoch 2 | average train loss: 5.9558
2023-11-16 10:11:40 INFO     	 Epoch 2 | average valid loss: 11.3161
2023-11-16 10:11:43 INFO     	 Epoch 3 | average train loss: 3.9290
2023-11-16 10:11:43 INFO     	 Epoch 3 | average valid loss: 8.8300
2023-11-16 10:11:47 INFO     	 Epoch 4 | average train loss: 2.9941
2023-11-16 10:11:47 INFO     	 Epoch 4 | average valid loss: 7.8171
