2023-48-16 10:48:00 INFO     Saving logs in logs/01_16/WN18/TransE_10_48_00
2023-48-16 10:48:00 INFO     active_num = 1000
2023-48-16 10:48:00 INFO     batch_size = 500
2023-48-16 10:48:00 INFO     counter = 10
2023-48-16 10:48:00 INFO     dataset = WN18
2023-48-16 10:48:00 INFO     debug = False
2023-48-16 10:48:00 INFO     device = cuda
2023-48-16 10:48:00 INFO     dyn_scale = False
2023-48-16 10:48:00 INFO     expected_completion_ratio = 0.99
2023-48-16 10:48:00 INFO     hidden_size = 200
2023-48-16 10:48:00 INFO     incremental_learning_rate = 0.001
2023-48-16 10:48:00 INFO     init_scale = 0.001
2023-48-16 10:48:00 INFO     max_epochs = 200
2023-48-16 10:48:00 INFO     model = TransE
2023-48-16 10:48:00 INFO     n_ent = 40943
2023-48-16 10:48:00 INFO     n_rel = 18
2023-48-16 10:48:00 INFO     neg_size = -1
2023-48-16 10:48:00 INFO     optimizer = Adam
2023-48-16 10:48:00 INFO     patient = 10
2023-48-16 10:48:00 INFO     pretrain_learning_rate = 0.001
2023-48-16 10:48:00 INFO     pretrained_model_id = None
2023-48-16 10:48:00 INFO     reg_weight = 0
2023-48-16 10:48:00 INFO     regularizer = F2
2023-48-16 10:48:00 INFO     save_dir = logs/01_16/WN18/TransE_10_48_00
2023-48-16 10:48:00 INFO     setting = active_learning
2023-48-16 10:48:00 INFO     sta_scale = 1
2023-48-16 10:48:00 INFO     train_ratio = 0.9
2023-48-16 10:48:00 INFO     valid_period = 5
2023-48-16 10:48:00 INFO     	 Loading WN18 in active_learning setting, with shape (40943, 18)
2023-48-16 10:48:09 INFO     Total number of parameters 8195800
2023-48-16 10:48:09 INFO     	 Do not specific a pretraiend model, then training from scratch.
2023-48-16 10:48:09 INFO     	 Start pretraining phase 1: on training split.
2023-48-16 10:48:13 INFO     	 Epoch 0 | average train loss: 10.0169
2023-48-16 10:48:13 INFO     	 Epoch 0 | average valid loss: 18.0530
2023-48-16 10:48:17 INFO     	 Epoch 1 | average train loss: 8.0760
2023-48-16 10:48:17 INFO     	 Epoch 1 | average valid loss: 15.0908
2023-48-16 10:48:20 INFO     	 Epoch 2 | average train loss: 5.9533
2023-48-16 10:48:20 INFO     	 Epoch 2 | average valid loss: 11.3101
2023-48-16 10:48:24 INFO     	 Epoch 3 | average train loss: 3.9239
2023-48-16 10:48:24 INFO     	 Epoch 3 | average valid loss: 8.8136
2023-48-16 10:48:28 INFO     	 Epoch 4 | average train loss: 2.9903
2023-48-16 10:48:28 INFO     	 Epoch 4 | average valid loss: 7.7974
2023-48-16 10:48:32 INFO     MRR: 0.351895347237587, Hits@1: 0.21884727478027344, Hits@3: 0.41531458497047424, Hits@10: 0.6153664588928223 
2023-48-16 10:48:35 INFO     	 Epoch 5 | average train loss: 2.5864
2023-48-16 10:48:35 INFO     	 Epoch 5 | average valid loss: 7.2440
