2023-50-13 22:50:05 INFO     Saving logs in logs/01_13/WN18/TransE_22_50_05
2023-50-13 22:50:05 INFO     active_num = 1000
2023-50-13 22:50:05 INFO     batch_size = 500
2023-50-13 22:50:05 INFO     counter = 10
2023-50-13 22:50:05 INFO     dataset = WN18
2023-50-13 22:50:05 INFO     debug = False
2023-50-13 22:50:05 INFO     device = cuda
2023-50-13 22:50:05 INFO     dyn_scale = False
2023-50-13 22:50:05 INFO     expected_completion_ratio = 0.99
2023-50-13 22:50:05 INFO     hidden_size = 200
2023-50-13 22:50:05 INFO     incremental_learning_rate = 0.001
2023-50-13 22:50:05 INFO     max_epochs = 200
2023-50-13 22:50:05 INFO     model = TransE
2023-50-13 22:50:05 INFO     n_ent = 40943
2023-50-13 22:50:05 INFO     n_rel = 18
2023-50-13 22:50:05 INFO     need_pretrain = True
2023-50-13 22:50:05 INFO     neg_size = -1
2023-50-13 22:50:05 INFO     optimizer = Adam
2023-50-13 22:50:05 INFO     pretrain_learning_rate = 0.001
2023-50-13 22:50:05 INFO     reg_weight = 0
2023-50-13 22:50:05 INFO     regularizer = F2
2023-50-13 22:50:05 INFO     setting = active_learning
2023-50-13 22:50:05 INFO     sta_scale = 1
2023-50-13 22:50:05 INFO     train_ratio = 0.9
2023-50-13 22:50:05 INFO     valid_period = 5
2023-50-13 22:50:05 INFO     	 Loading WN18 in active_learning setting, with shape (40943, 18)
2023-50-13 22:50:07 INFO     Total number of parameters 8195800
2023-50-13 22:50:18 INFO     	 Start Init Training.
2023-50-13 22:50:24 INFO     	 Epoch 0 | average train loss: 381.9530
2023-50-13 22:50:24 INFO     	 Epoch 0 | average valid loss: 721.4533
2023-50-13 22:50:28 INFO     	 Epoch 1 | average train loss: 341.2838
2023-50-13 22:50:28 INFO     	 Epoch 1 | average valid loss: 649.8878
2023-50-13 22:50:32 INFO     	 Epoch 2 | average train loss: 302.9722
2023-50-13 22:50:32 INFO     	 Epoch 2 | average valid loss: 581.8887
2023-50-13 22:50:35 INFO     	 Epoch 3 | average train loss: 265.1842
2023-50-13 22:50:36 INFO     	 Epoch 3 | average valid loss: 513.8460
2023-50-13 22:50:39 INFO     	 Epoch 4 | average train loss: 228.9217
2023-50-13 22:50:39 INFO     	 Epoch 4 | average valid loss: 450.8393
