2023-46-16 10:46:38 INFO     Saving logs in logs/01_16/WN18/TransE_10_46_38
2023-46-16 10:46:38 INFO     active_num = 1000
2023-46-16 10:46:38 INFO     batch_size = 500
2023-46-16 10:46:38 INFO     counter = 10
2023-46-16 10:46:38 INFO     dataset = WN18
2023-46-16 10:46:38 INFO     debug = False
2023-46-16 10:46:38 INFO     device = cuda
2023-46-16 10:46:38 INFO     dyn_scale = False
2023-46-16 10:46:38 INFO     expected_completion_ratio = 0.99
2023-46-16 10:46:38 INFO     hidden_size = 200
2023-46-16 10:46:38 INFO     incremental_learning_rate = 0.001
2023-46-16 10:46:38 INFO     init_scale = 0.001
2023-46-16 10:46:38 INFO     max_epochs = 200
2023-46-16 10:46:38 INFO     model = TransE
2023-46-16 10:46:38 INFO     n_ent = 40943
2023-46-16 10:46:38 INFO     n_rel = 18
2023-46-16 10:46:38 INFO     neg_size = -1
2023-46-16 10:46:38 INFO     optimizer = Adam
2023-46-16 10:46:38 INFO     patient = 10
2023-46-16 10:46:38 INFO     pretrain_learning_rate = 0.001
2023-46-16 10:46:38 INFO     pretrained_model_id = None
2023-46-16 10:46:38 INFO     reg_weight = 0
2023-46-16 10:46:38 INFO     regularizer = F2
2023-46-16 10:46:38 INFO     save_dir = logs/01_16/WN18/TransE_10_46_38
2023-46-16 10:46:38 INFO     setting = active_learning
2023-46-16 10:46:38 INFO     sta_scale = 1
2023-46-16 10:46:38 INFO     train_ratio = 0.9
2023-46-16 10:46:38 INFO     valid_period = 5
2023-46-16 10:46:38 INFO     	 Loading WN18 in active_learning setting, with shape (40943, 18)
2023-46-16 10:46:47 INFO     Total number of parameters 8195800
2023-46-16 10:46:47 INFO     	 Do not specific a pretraiend model, then training from scratch.
2023-46-16 10:46:47 INFO     	 Start pretraining phase 1: on training split.
2023-46-16 10:46:51 INFO     	 Epoch 0 | average train loss: 10.0175
2023-46-16 10:46:51 INFO     	 Epoch 0 | average valid loss: 18.0547
2023-46-16 10:46:55 INFO     	 Epoch 1 | average train loss: 8.0650
2023-46-16 10:46:55 INFO     	 Epoch 1 | average valid loss: 15.0768
2023-46-16 10:46:58 INFO     	 Epoch 2 | average train loss: 5.9339
2023-46-16 10:46:59 INFO     	 Epoch 2 | average valid loss: 11.2861
2023-47-16 10:47:02 INFO     	 Epoch 3 | average train loss: 3.9102
2023-47-16 10:47:02 INFO     	 Epoch 3 | average valid loss: 8.8217
2023-47-16 10:47:06 INFO     	 Epoch 4 | average train loss: 2.9880
2023-47-16 10:47:06 INFO     	 Epoch 4 | average valid loss: 7.8285
