2023-58-13 21:58:54 INFO     Saving logs in logs/01_13/WN18/TransE_21_58_54
2023-58-13 21:58:54 INFO     active_num = 1000
2023-58-13 21:58:54 INFO     batch_size = 500
2023-58-13 21:58:54 INFO     counter = 10
2023-58-13 21:58:54 INFO     dataset = WN18
2023-58-13 21:58:54 INFO     debug = False
2023-58-13 21:58:54 INFO     device = cuda
2023-58-13 21:58:54 INFO     dyn_scale = False
2023-58-13 21:58:54 INFO     expected_completion_ratio = 0.99
2023-58-13 21:58:54 INFO     hidden_size = 200
2023-58-13 21:58:54 INFO     incremental_learning_rate = 0.001
2023-58-13 21:58:54 INFO     max_epochs = 200
2023-58-13 21:58:54 INFO     model = TransE
2023-58-13 21:58:54 INFO     n_ent = 40943
2023-58-13 21:58:54 INFO     n_rel = 18
2023-58-13 21:58:54 INFO     need_pretrain = True
2023-58-13 21:58:54 INFO     neg_size = -1
2023-58-13 21:58:54 INFO     optimizer = Adam
2023-58-13 21:58:54 INFO     pretrain_learning_rate = 0.001
2023-58-13 21:58:54 INFO     reg_weight = 0
2023-58-13 21:58:54 INFO     regularizer = F2
2023-58-13 21:58:54 INFO     setting = active_learning
2023-58-13 21:58:54 INFO     sta_scale = 1
2023-58-13 21:58:54 INFO     train_ratio = 0.9
2023-58-13 21:58:54 INFO     valid_period = 5
2023-58-13 21:58:54 INFO     	 Loading WN18 in active_learning setting, with shape (40943, 18)
2023-58-13 21:58:56 INFO     Total number of parameters 8195800
2023-58-13 21:58:56 INFO     	 Start Init Training.
2023-01-13 22:01:07 INFO     	 Epoch 0 | average train loss: 1.0000
2023-01-13 22:01:07 INFO     	 Epoch 0 | average valid loss: 1.0000
