2023-05-16 10:05:37 INFO     Saving logs in logs/01_16/WN18/TransE_10_05_37
2023-05-16 10:05:37 INFO     active_num = 1000
2023-05-16 10:05:37 INFO     batch_size = 500
2023-05-16 10:05:37 INFO     counter = 10
2023-05-16 10:05:37 INFO     dataset = WN18
2023-05-16 10:05:37 INFO     debug = False
2023-05-16 10:05:37 INFO     device = cuda
2023-05-16 10:05:37 INFO     dyn_scale = False
2023-05-16 10:05:37 INFO     expected_completion_ratio = 0.99
2023-05-16 10:05:37 INFO     hidden_size = 200
2023-05-16 10:05:37 INFO     incremental_learning_rate = 0.001
2023-05-16 10:05:37 INFO     init_scale = 0.001
2023-05-16 10:05:37 INFO     max_epochs = 200
2023-05-16 10:05:37 INFO     model = TransE
2023-05-16 10:05:37 INFO     n_ent = 40943
2023-05-16 10:05:37 INFO     n_rel = 18
2023-05-16 10:05:37 INFO     neg_size = -1
2023-05-16 10:05:37 INFO     optimizer = Adam
2023-05-16 10:05:37 INFO     patient = 10
2023-05-16 10:05:37 INFO     pretrain_learning_rate = 0.001
2023-05-16 10:05:37 INFO     pretrained_model_id = None
2023-05-16 10:05:37 INFO     reg_weight = 0
2023-05-16 10:05:37 INFO     regularizer = F2
2023-05-16 10:05:37 INFO     save_dir = logs/01_16/WN18/TransE_10_05_37
2023-05-16 10:05:37 INFO     setting = active_learning
2023-05-16 10:05:37 INFO     sta_scale = 1
2023-05-16 10:05:37 INFO     train_ratio = 0.9
2023-05-16 10:05:37 INFO     valid_period = 5
2023-05-16 10:05:37 INFO     	 Loading WN18 in active_learning setting, with shape (40943, 18)
2023-05-16 10:05:46 INFO     Total number of parameters 8195800
2023-05-16 10:05:46 INFO     	 Do not specific a pretraiend model, then training from scratch.
2023-05-16 10:05:46 INFO     	 Start pretraining phase 1: on training split.
2023-05-16 10:05:57 INFO     	 Epoch 0 | average train loss: 10.0205
2023-05-16 10:05:57 INFO     	 Epoch 0 | average valid loss: 18.0708
2023-06-16 10:06:01 INFO     	 Epoch 1 | average train loss: 8.0713
2023-06-16 10:06:01 INFO     	 Epoch 1 | average valid loss: 15.0762
2023-06-16 10:06:05 INFO     	 Epoch 2 | average train loss: 5.9446
2023-06-16 10:06:05 INFO     	 Epoch 2 | average valid loss: 11.2926
2023-06-16 10:06:09 INFO     	 Epoch 3 | average train loss: 3.9158
2023-06-16 10:06:09 INFO     	 Epoch 3 | average valid loss: 8.8240
2023-06-16 10:06:12 INFO     	 Epoch 4 | average train loss: 2.9882
2023-06-16 10:06:12 INFO     	 Epoch 4 | average valid loss: 7.8113
