2023-14-16 10:14:53 INFO     Saving logs in logs/01_16/WN18/TransE_10_14_53
2023-14-16 10:14:53 INFO     active_num = 1000
2023-14-16 10:14:53 INFO     batch_size = 500
2023-14-16 10:14:53 INFO     counter = 10
2023-14-16 10:14:53 INFO     dataset = WN18
2023-14-16 10:14:53 INFO     debug = False
2023-14-16 10:14:53 INFO     device = cuda
2023-14-16 10:14:53 INFO     dyn_scale = False
2023-14-16 10:14:53 INFO     expected_completion_ratio = 0.99
2023-14-16 10:14:53 INFO     hidden_size = 200
2023-14-16 10:14:53 INFO     incremental_learning_rate = 0.001
2023-14-16 10:14:53 INFO     init_scale = 0.001
2023-14-16 10:14:53 INFO     max_epochs = 200
2023-14-16 10:14:53 INFO     model = TransE
2023-14-16 10:14:53 INFO     n_ent = 40943
2023-14-16 10:14:53 INFO     n_rel = 18
2023-14-16 10:14:53 INFO     neg_size = -1
2023-14-16 10:14:53 INFO     optimizer = Adam
2023-14-16 10:14:53 INFO     patient = 10
2023-14-16 10:14:53 INFO     pretrain_learning_rate = 0.001
2023-14-16 10:14:53 INFO     pretrained_model_id = None
2023-14-16 10:14:53 INFO     reg_weight = 0
2023-14-16 10:14:53 INFO     regularizer = F2
2023-14-16 10:14:53 INFO     save_dir = logs/01_16/WN18/TransE_10_14_53
2023-14-16 10:14:53 INFO     setting = active_learning
2023-14-16 10:14:53 INFO     sta_scale = 1
2023-14-16 10:14:53 INFO     train_ratio = 0.9
2023-14-16 10:14:53 INFO     valid_period = 5
2023-14-16 10:14:53 INFO     	 Loading WN18 in active_learning setting, with shape (40943, 18)
2023-15-16 10:15:02 INFO     Total number of parameters 8195800
2023-15-16 10:15:02 INFO     	 Do not specific a pretraiend model, then training from scratch.
2023-15-16 10:15:02 INFO     	 Start pretraining phase 1: on training split.
2023-15-16 10:15:06 INFO     	 Epoch 0 | average train loss: 10.0129
2023-15-16 10:15:06 INFO     	 Epoch 0 | average valid loss: 18.0574
2023-15-16 10:15:10 INFO     	 Epoch 1 | average train loss: 8.0783
2023-15-16 10:15:10 INFO     	 Epoch 1 | average valid loss: 15.1221
2023-15-16 10:15:14 INFO     	 Epoch 2 | average train loss: 5.9846
2023-15-16 10:15:14 INFO     	 Epoch 2 | average valid loss: 11.3690
2023-15-16 10:15:17 INFO     	 Epoch 3 | average train loss: 3.9497
2023-15-16 10:15:17 INFO     	 Epoch 3 | average valid loss: 8.8379
2023-15-16 10:15:21 INFO     	 Epoch 4 | average train loss: 2.9975
2023-15-16 10:15:21 INFO     	 Epoch 4 | average valid loss: 7.8115
