2023-09-16 10:09:28 INFO     Saving logs in logs/01_16/WN18/TransE_10_09_28
2023-09-16 10:09:28 INFO     active_num = 1000
2023-09-16 10:09:28 INFO     batch_size = 500
2023-09-16 10:09:28 INFO     counter = 10
2023-09-16 10:09:28 INFO     dataset = WN18
2023-09-16 10:09:28 INFO     debug = False
2023-09-16 10:09:28 INFO     device = cuda
2023-09-16 10:09:28 INFO     dyn_scale = False
2023-09-16 10:09:28 INFO     expected_completion_ratio = 0.99
2023-09-16 10:09:28 INFO     hidden_size = 200
2023-09-16 10:09:28 INFO     incremental_learning_rate = 0.001
2023-09-16 10:09:28 INFO     init_scale = 0.001
2023-09-16 10:09:28 INFO     max_epochs = 200
2023-09-16 10:09:28 INFO     model = TransE
2023-09-16 10:09:28 INFO     n_ent = 40943
2023-09-16 10:09:28 INFO     n_rel = 18
2023-09-16 10:09:28 INFO     neg_size = -1
2023-09-16 10:09:28 INFO     optimizer = Adam
2023-09-16 10:09:28 INFO     patient = 10
2023-09-16 10:09:28 INFO     pretrain_learning_rate = 0.001
2023-09-16 10:09:28 INFO     pretrained_model_id = None
2023-09-16 10:09:28 INFO     reg_weight = 0
2023-09-16 10:09:28 INFO     regularizer = F2
2023-09-16 10:09:28 INFO     save_dir = logs/01_16/WN18/TransE_10_09_28
2023-09-16 10:09:28 INFO     setting = active_learning
2023-09-16 10:09:28 INFO     sta_scale = 1
2023-09-16 10:09:28 INFO     train_ratio = 0.9
2023-09-16 10:09:28 INFO     valid_period = 5
2023-09-16 10:09:28 INFO     	 Loading WN18 in active_learning setting, with shape (40943, 18)
2023-09-16 10:09:36 INFO     Total number of parameters 8195800
2023-09-16 10:09:36 INFO     	 Do not specific a pretraiend model, then training from scratch.
2023-09-16 10:09:36 INFO     	 Start pretraining phase 1: on training split.
2023-09-16 10:09:41 INFO     	 Epoch 0 | average train loss: 10.0140
2023-09-16 10:09:41 INFO     	 Epoch 0 | average valid loss: 18.0726
2023-09-16 10:09:44 INFO     	 Epoch 1 | average train loss: 8.0733
2023-09-16 10:09:45 INFO     	 Epoch 1 | average valid loss: 15.1081
2023-09-16 10:09:48 INFO     	 Epoch 2 | average train loss: 5.9588
2023-09-16 10:09:48 INFO     	 Epoch 2 | average valid loss: 11.3394
2023-09-16 10:09:52 INFO     	 Epoch 3 | average train loss: 3.9297
2023-09-16 10:09:52 INFO     	 Epoch 3 | average valid loss: 8.8344
2023-09-16 10:09:56 INFO     	 Epoch 4 | average train loss: 2.9915
2023-09-16 10:09:56 INFO     	 Epoch 4 | average valid loss: 7.8201
