2023-54-16 09:54:57 INFO     Saving logs in logs/01_16/WN18/TransE_09_54_57
2023-54-16 09:54:57 INFO     active_num = 1000
2023-54-16 09:54:57 INFO     batch_size = 500
2023-54-16 09:54:57 INFO     counter = 10
2023-54-16 09:54:57 INFO     dataset = WN18
2023-54-16 09:54:57 INFO     debug = False
2023-54-16 09:54:57 INFO     device = cuda
2023-54-16 09:54:57 INFO     dyn_scale = False
2023-54-16 09:54:57 INFO     expected_completion_ratio = 0.99
2023-54-16 09:54:57 INFO     hidden_size = 200
2023-54-16 09:54:57 INFO     incremental_learning_rate = 0.001
2023-54-16 09:54:57 INFO     max_epochs = 200
2023-54-16 09:54:57 INFO     model = TransE
2023-54-16 09:54:57 INFO     n_ent = 40943
2023-54-16 09:54:57 INFO     n_rel = 18
2023-54-16 09:54:57 INFO     neg_size = -1
2023-54-16 09:54:57 INFO     optimizer = Adam
2023-54-16 09:54:57 INFO     patient = 10
2023-54-16 09:54:57 INFO     pretrain_learning_rate = 0.001
2023-54-16 09:54:57 INFO     pretrained_model_id = None
2023-54-16 09:54:57 INFO     reg_weight = 0
2023-54-16 09:54:57 INFO     regularizer = F2
2023-54-16 09:54:57 INFO     save_dir = logs/01_16/WN18/TransE_09_54_57
2023-54-16 09:54:57 INFO     setting = active_learning
2023-54-16 09:54:57 INFO     sta_scale = 1
2023-54-16 09:54:57 INFO     train_ratio = 0.9
2023-54-16 09:54:57 INFO     valid_period = 5
2023-54-16 09:54:57 INFO     	 Loading WN18 in active_learning setting, with shape (40943, 18)
2023-55-16 09:55:05 INFO     Total number of parameters 8195800
2023-55-16 09:55:06 INFO     	 Do not specific a pretraiend model, then training from scratch.
2023-55-16 09:55:06 INFO     	 Start pretraining phase 1: on training split.
2023-55-16 09:55:10 INFO     	 Epoch 0 | average train loss: 380.7156
2023-55-16 09:55:10 INFO     	 Epoch 0 | average valid loss: 722.1461
2023-55-16 09:55:14 INFO     	 Epoch 1 | average train loss: 340.4901
2023-55-16 09:55:14 INFO     	 Epoch 1 | average valid loss: 651.4472
2023-55-16 09:55:17 INFO     	 Epoch 2 | average train loss: 302.7159
2023-55-16 09:55:18 INFO     	 Epoch 2 | average valid loss: 584.5622
2023-55-16 09:55:21 INFO     	 Epoch 3 | average train loss: 265.6149
2023-55-16 09:55:21 INFO     	 Epoch 3 | average valid loss: 517.4965
2023-55-16 09:55:25 INFO     	 Epoch 4 | average train loss: 229.7445
2023-55-16 09:55:25 INFO     	 Epoch 4 | average valid loss: 454.5402
