2023-06-13 11:06:45 INFO     Saving logs in logs/01_13/WN18/TransE_11_06_45
2023-06-13 11:06:45 INFO     active_num = 1000
2023-06-13 11:06:45 INFO     counter = 10
2023-06-13 11:06:45 INFO     dataset = WN18
2023-06-13 11:06:45 INFO     debug = False
2023-06-13 11:06:45 INFO     device = None
2023-06-13 11:06:45 INFO     expected_completion_ratio = 0.99
2023-06-13 11:06:45 INFO     hidden_size = 200
2023-06-13 11:06:45 INFO     incremental_learning_rate = 0.001
2023-06-13 11:06:45 INFO     max_epochs = 200
2023-06-13 11:06:45 INFO     model = TransE
2023-06-13 11:06:45 INFO     n_ent = 40943
2023-06-13 11:06:45 INFO     n_rel = 18
2023-06-13 11:06:45 INFO     need_pretrain = False
2023-06-13 11:06:45 INFO     optimizer = Adam
2023-06-13 11:06:45 INFO     pretrain_learning_rate = 0.001
2023-06-13 11:06:45 INFO     reg_weight = 0
2023-06-13 11:06:45 INFO     regularizer = F2
2023-06-13 11:06:45 INFO     setting = active_learning
2023-06-13 11:06:45 INFO     train_ratio = 0.9
2023-06-13 11:06:45 INFO     valid_period = 5
2023-06-13 11:06:45 INFO     	 Loading WN18 in active_learning setting, with shape (40943, 18)
2023-06-13 11:06:45 INFO     Total number of parameters 8195800
2023-06-13 11:06:45 INFO     	 Start Init Training.
