2023-22-17 20:22:14 INFO     Saving logs in logs/01_17/WN18/TransE_20_22_14
2023-22-17 20:22:14 INFO     active_num = 1000
2023-22-17 20:22:14 INFO     batch_size = 500
2023-22-17 20:22:14 INFO     counter = 10
2023-22-17 20:22:14 INFO     dataset = WN18
2023-22-17 20:22:14 INFO     debug = False
2023-22-17 20:22:14 INFO     device = cuda
2023-22-17 20:22:14 INFO     dyn_scale = False
2023-22-17 20:22:14 INFO     expected_completion_ratio = 0.99
2023-22-17 20:22:14 INFO     hidden_size = 200
2023-22-17 20:22:14 INFO     incremental_learning_method = finetune
2023-22-17 20:22:14 INFO     incremental_learning_rate = 0.001
2023-22-17 20:22:14 INFO     init_scale = 0.001
2023-22-17 20:22:14 INFO     max_epochs = 10
2023-22-17 20:22:14 INFO     model = TransE
2023-22-17 20:22:14 INFO     n_ent = 40943
2023-22-17 20:22:14 INFO     n_rel = 18
2023-22-17 20:22:14 INFO     neg_size = -1
2023-22-17 20:22:14 INFO     optimizer = Adam
2023-22-17 20:22:14 INFO     patient = 10
2023-22-17 20:22:14 INFO     pretrain_learning_rate = 0.001
2023-22-17 20:22:14 INFO     pretrained_model_id = None
2023-22-17 20:22:14 INFO     reg_weight = 0
2023-22-17 20:22:14 INFO     regularizer = F2
2023-22-17 20:22:14 INFO     save_dir = logs/01_17/WN18/TransE_20_22_14
2023-22-17 20:22:14 INFO     setting = active_learning
2023-22-17 20:22:14 INFO     sta_scale = 1
2023-22-17 20:22:14 INFO     train_ratio = 0.9
2023-22-17 20:22:14 INFO     valid_period = 5
2023-22-17 20:22:14 INFO     	 Loading WN18 in active_learning setting, with shape (40943, 18)
