2023-48-13 10:48:13 INFO     Saving logs in logs/01_13/WN18/TransE_10_48_13
2023-48-13 10:48:13 INFO     active_num = 1000
2023-48-13 10:48:13 INFO     counter = 10
2023-48-13 10:48:13 INFO     dataset = WN18
2023-48-13 10:48:13 INFO     debug = False
2023-48-13 10:48:13 INFO     device = None
2023-48-13 10:48:13 INFO     expected_completion_ratio = 0.99
2023-48-13 10:48:13 INFO     hidden_size = 200
2023-48-13 10:48:13 INFO     incremental_learning_rate = 0.001
2023-48-13 10:48:13 INFO     max_epochs = 200
2023-48-13 10:48:13 INFO     model = TransE
2023-48-13 10:48:13 INFO     n_ent = 40943
2023-48-13 10:48:13 INFO     n_rel = 18
2023-48-13 10:48:13 INFO     need_pretrain = False
2023-48-13 10:48:13 INFO     optimizer = Adam
2023-48-13 10:48:13 INFO     pretrain_learning_rate = 0.001
2023-48-13 10:48:13 INFO     reg_weight = 0
2023-48-13 10:48:13 INFO     regularizer = F2
2023-48-13 10:48:13 INFO     setting = active_learning
2023-48-13 10:48:13 INFO     train_ratio = 0.9
2023-48-13 10:48:13 INFO     valid_period = 5
2023-48-13 10:48:13 INFO     	 Loading WN18 in active_learning setting, with shape <bound method KGDataset.get_shape of <dataset.KGDataset.KGDataset object at 0x7fd3b11ff520>>
2023-48-13 10:48:13 INFO     Total number of parameters 8195800
