2023-16-16 10:16:29 INFO     Saving logs in logs/01_16/WN18/TransE_10_16_29
2023-16-16 10:16:29 INFO     active_num = 1000
2023-16-16 10:16:29 INFO     batch_size = 500
2023-16-16 10:16:29 INFO     counter = 10
2023-16-16 10:16:29 INFO     dataset = WN18
2023-16-16 10:16:29 INFO     debug = False
2023-16-16 10:16:29 INFO     device = cuda
2023-16-16 10:16:29 INFO     dyn_scale = False
2023-16-16 10:16:29 INFO     expected_completion_ratio = 0.99
2023-16-16 10:16:29 INFO     hidden_size = 200
2023-16-16 10:16:29 INFO     incremental_learning_rate = 0.001
2023-16-16 10:16:29 INFO     init_scale = 0.001
2023-16-16 10:16:29 INFO     max_epochs = 200
2023-16-16 10:16:29 INFO     model = TransE
2023-16-16 10:16:29 INFO     n_ent = 40943
2023-16-16 10:16:29 INFO     n_rel = 18
2023-16-16 10:16:29 INFO     neg_size = -1
2023-16-16 10:16:29 INFO     optimizer = Adam
2023-16-16 10:16:29 INFO     patient = 10
2023-16-16 10:16:29 INFO     pretrain_learning_rate = 0.001
2023-16-16 10:16:29 INFO     pretrained_model_id = None
2023-16-16 10:16:29 INFO     reg_weight = 0
2023-16-16 10:16:29 INFO     regularizer = F2
2023-16-16 10:16:29 INFO     save_dir = logs/01_16/WN18/TransE_10_16_29
2023-16-16 10:16:29 INFO     setting = active_learning
2023-16-16 10:16:29 INFO     sta_scale = 1
2023-16-16 10:16:29 INFO     train_ratio = 0.9
2023-16-16 10:16:29 INFO     valid_period = 5
2023-16-16 10:16:29 INFO     	 Loading WN18 in active_learning setting, with shape (40943, 18)
2023-16-16 10:16:38 INFO     Total number of parameters 8195800
2023-16-16 10:16:38 INFO     	 Do not specific a pretraiend model, then training from scratch.
2023-16-16 10:16:38 INFO     	 Start pretraining phase 1: on training split.
2023-16-16 10:16:42 INFO     	 Epoch 0 | average train loss: 10.0138
2023-16-16 10:16:42 INFO     	 Epoch 0 | average valid loss: 18.0563
2023-16-16 10:16:46 INFO     	 Epoch 1 | average train loss: 8.0808
2023-16-16 10:16:46 INFO     	 Epoch 1 | average valid loss: 15.1248
2023-16-16 10:16:50 INFO     	 Epoch 2 | average train loss: 5.9765
2023-16-16 10:16:50 INFO     	 Epoch 2 | average valid loss: 11.3640
2023-16-16 10:16:53 INFO     	 Epoch 3 | average train loss: 3.9437
2023-16-16 10:16:53 INFO     	 Epoch 3 | average valid loss: 8.8494
2023-16-16 10:16:57 INFO     	 Epoch 4 | average train loss: 2.9982
2023-16-16 10:16:57 INFO     	 Epoch 4 | average valid loss: 7.8253
