2023-30-17 20:30:26 INFO     Saving logs in logs/01_17/WN18/TransE_20_30_26
2023-30-17 20:30:26 INFO     active_num = 1000
2023-30-17 20:30:26 INFO     batch_size = 500
2023-30-17 20:30:26 INFO     counter = 10
2023-30-17 20:30:26 INFO     dataset = WN18
2023-30-17 20:30:26 INFO     debug = False
2023-30-17 20:30:26 INFO     device = cuda
2023-30-17 20:30:26 INFO     dyn_scale = False
2023-30-17 20:30:26 INFO     expected_completion_ratio = 0.99
2023-30-17 20:30:26 INFO     hidden_size = 200
2023-30-17 20:30:26 INFO     incremental_learning_method = finetune
2023-30-17 20:30:26 INFO     incremental_learning_rate = 0.001
2023-30-17 20:30:26 INFO     init_scale = 0.001
2023-30-17 20:30:26 INFO     max_epochs = 10
2023-30-17 20:30:26 INFO     model = TransE
2023-30-17 20:30:26 INFO     n_ent = 40943
2023-30-17 20:30:26 INFO     n_rel = 18
2023-30-17 20:30:26 INFO     neg_size = -1
2023-30-17 20:30:26 INFO     optimizer = Adam
2023-30-17 20:30:26 INFO     patient = 10
2023-30-17 20:30:26 INFO     pretrain_learning_rate = 0.001
2023-30-17 20:30:26 INFO     pretrained_model_id = None
2023-30-17 20:30:26 INFO     reg_weight = 0
2023-30-17 20:30:26 INFO     regularizer = F2
2023-30-17 20:30:26 INFO     save_dir = logs/01_17/WN18/TransE_20_30_26
2023-30-17 20:30:26 INFO     setting = active_learning
2023-30-17 20:30:26 INFO     sta_scale = 1
2023-30-17 20:30:26 INFO     train_ratio = 0.9
2023-30-17 20:30:26 INFO     valid_period = 5
2023-30-17 20:30:26 INFO     	 Loading WN18 in active_learning setting, with shape (40943, 18)
2023-30-17 20:30:28 INFO     Total number of parameters 8195800
2023-30-17 20:30:28 INFO     	 Do not specific a pretraiend model, then training from scratch.
2023-30-17 20:30:28 INFO     	 Start pretraining phase 1: on training split.
2023-30-17 20:30:32 INFO     	 Epoch 0 | average train loss: 10.0071
2023-30-17 20:30:32 INFO     	 Epoch 0 | average valid loss: 18.0603
2023-30-17 20:30:36 INFO     	 Epoch 1 | average train loss: 8.0855
2023-30-17 20:30:36 INFO     	 Epoch 1 | average valid loss: 15.1372
2023-30-17 20:30:40 INFO     	 Epoch 2 | average train loss: 6.0020
2023-30-17 20:30:40 INFO     	 Epoch 2 | average valid loss: 11.4094
2023-30-17 20:30:43 INFO     	 Epoch 3 | average train loss: 3.9676
2023-30-17 20:30:44 INFO     	 Epoch 3 | average valid loss: 8.8616
2023-30-17 20:30:47 INFO     	 Epoch 4 | average train loss: 3.0068
2023-30-17 20:30:47 INFO     	 Epoch 4 | average valid loss: 7.8271
2023-30-17 20:30:49 INFO     MRR: 0.345, Hits@1: 0.213, Hits@3: 0.408, Hits@10: 0.605 
2023-30-17 20:30:49 INFO     Best results updated, save current model.
2023-30-17 20:30:53 INFO     	 Epoch 5 | average train loss: 2.5940
2023-30-17 20:30:53 INFO     	 Epoch 5 | average valid loss: 7.2637
2023-30-17 20:30:56 INFO     	 Epoch 6 | average train loss: 2.3458
2023-30-17 20:30:57 INFO     	 Epoch 6 | average valid loss: 6.9184
2023-31-17 20:31:00 INFO     	 Epoch 7 | average train loss: 2.1721
2023-31-17 20:31:00 INFO     	 Epoch 7 | average valid loss: 6.6832
2023-31-17 20:31:04 INFO     	 Epoch 8 | average train loss: 2.0451
2023-31-17 20:31:04 INFO     	 Epoch 8 | average valid loss: 6.4973
2023-31-17 20:31:08 INFO     	 Epoch 9 | average train loss: 1.9484
2023-31-17 20:31:08 INFO     	 Epoch 9 | average valid loss: 6.3640
2023-31-17 20:31:09 INFO     MRR: 0.380, Hits@1: 0.257, Hits@3: 0.437, Hits@10: 0.625 
2023-31-17 20:31:09 INFO     Best results updated, save current model.
2023-31-17 20:31:09 INFO     	 Pretrain phase 1 finished Optimization finished, get the best training epoch
2023-31-17 20:31:09 INFO     	 Start the pretrain phase 2: both train and valid data
2023-31-17 20:31:14 INFO     	 Epoch 0 | average train loss: 1.9967
2023-31-17 20:31:18 INFO     	 Epoch 1 | average train loss: 1.8961
2023-31-17 20:31:22 INFO     	 Epoch 2 | average train loss: 1.8334
2023-31-17 20:31:26 INFO     	 Epoch 3 | average train loss: 1.7872
2023-31-17 20:31:30 INFO     	 Epoch 4 | average train loss: 1.7501
2023-31-17 20:31:34 INFO     	 Epoch 5 | average train loss: 1.7196
2023-31-17 20:31:38 INFO     	 Epoch 6 | average train loss: 1.6961
2023-31-17 20:31:42 INFO     	 Epoch 7 | average train loss: 1.6720
2023-31-17 20:31:46 INFO     	 Epoch 8 | average train loss: 1.6549
2023-31-17 20:31:46 INFO     	 Pretrain phase 2 finished Optimization finished.
2023-31-17 20:31:46 INFO     	 Saving model in logs/01_17/WN18/TransE_20_30_26
