2023-49-16 10:49:15 INFO     Saving logs in logs/01_16/WN18/TransE_10_49_15
2023-49-16 10:49:15 INFO     active_num = 1000
2023-49-16 10:49:15 INFO     batch_size = 500
2023-49-16 10:49:15 INFO     counter = 10
2023-49-16 10:49:15 INFO     dataset = WN18
2023-49-16 10:49:15 INFO     debug = False
2023-49-16 10:49:15 INFO     device = cuda
2023-49-16 10:49:15 INFO     dyn_scale = False
2023-49-16 10:49:15 INFO     expected_completion_ratio = 0.99
2023-49-16 10:49:15 INFO     hidden_size = 200
2023-49-16 10:49:15 INFO     incremental_learning_rate = 0.001
2023-49-16 10:49:15 INFO     init_scale = 0.001
2023-49-16 10:49:15 INFO     max_epochs = 200
2023-49-16 10:49:15 INFO     model = TransE
2023-49-16 10:49:15 INFO     n_ent = 40943
2023-49-16 10:49:15 INFO     n_rel = 18
2023-49-16 10:49:15 INFO     neg_size = -1
2023-49-16 10:49:15 INFO     optimizer = Adam
2023-49-16 10:49:15 INFO     patient = 10
2023-49-16 10:49:15 INFO     pretrain_learning_rate = 0.001
2023-49-16 10:49:15 INFO     pretrained_model_id = None
2023-49-16 10:49:15 INFO     reg_weight = 0
2023-49-16 10:49:15 INFO     regularizer = F2
2023-49-16 10:49:15 INFO     save_dir = logs/01_16/WN18/TransE_10_49_15
2023-49-16 10:49:15 INFO     setting = active_learning
2023-49-16 10:49:15 INFO     sta_scale = 1
2023-49-16 10:49:15 INFO     train_ratio = 0.9
2023-49-16 10:49:15 INFO     valid_period = 5
2023-49-16 10:49:15 INFO     	 Loading WN18 in active_learning setting, with shape (40943, 18)
2023-49-16 10:49:23 INFO     Total number of parameters 8195800
2023-49-16 10:49:23 INFO     	 Do not specific a pretraiend model, then training from scratch.
2023-49-16 10:49:23 INFO     	 Start pretraining phase 1: on training split.
2023-49-16 10:49:28 INFO     	 Epoch 0 | average train loss: 10.0172
2023-49-16 10:49:28 INFO     	 Epoch 0 | average valid loss: 18.0518
2023-49-16 10:49:31 INFO     	 Epoch 1 | average train loss: 8.0755
2023-49-16 10:49:32 INFO     	 Epoch 1 | average valid loss: 15.0999
2023-49-16 10:49:35 INFO     	 Epoch 2 | average train loss: 5.9591
2023-49-16 10:49:35 INFO     	 Epoch 2 | average valid loss: 11.3273
2023-49-16 10:49:39 INFO     	 Epoch 3 | average train loss: 3.9246
2023-49-16 10:49:39 INFO     	 Epoch 3 | average valid loss: 8.8189
2023-49-16 10:49:43 INFO     	 Epoch 4 | average train loss: 2.9851
2023-49-16 10:49:43 INFO     	 Epoch 4 | average valid loss: 7.8089
2023-49-16 10:49:59 INFO     MRR: 0.353, Hits@1: 0.219, Hits@3: 0.416, Hits@10: 0.618 
2023-50-16 10:50:02 INFO     	 Epoch 5 | average train loss: 2.5803
2023-50-16 10:50:03 INFO     	 Epoch 5 | average valid loss: 7.2610
2023-50-16 10:50:06 INFO     	 Epoch 6 | average train loss: 2.3357
2023-50-16 10:50:06 INFO     	 Epoch 6 | average valid loss: 6.9299
2023-50-16 10:50:10 INFO     	 Epoch 7 | average train loss: 2.1650
2023-50-16 10:50:10 INFO     	 Epoch 7 | average valid loss: 6.7017
2023-50-16 10:50:14 INFO     	 Epoch 8 | average train loss: 2.0397
2023-50-16 10:50:14 INFO     	 Epoch 8 | average valid loss: 6.5247
2023-50-16 10:50:17 INFO     	 Epoch 9 | average train loss: 1.9442
2023-50-16 10:50:18 INFO     	 Epoch 9 | average valid loss: 6.4001
2023-50-16 10:50:28 INFO     MRR: 0.390, Hits@1: 0.264, Hits@3: 0.449, Hits@10: 0.642 
2023-50-16 10:50:32 INFO     	 Epoch 10 | average train loss: 1.8711
2023-50-16 10:50:32 INFO     	 Epoch 10 | average valid loss: 6.2918
2023-50-16 10:50:36 INFO     	 Epoch 11 | average train loss: 1.8128
2023-50-16 10:50:36 INFO     	 Epoch 11 | average valid loss: 6.2144
2023-50-16 10:50:39 INFO     	 Epoch 12 | average train loss: 1.7661
2023-50-16 10:50:40 INFO     	 Epoch 12 | average valid loss: 6.1465
2023-50-16 10:50:43 INFO     	 Epoch 13 | average train loss: 1.7271
2023-50-16 10:50:43 INFO     	 Epoch 13 | average valid loss: 6.1016
2023-50-16 10:50:47 INFO     	 Epoch 14 | average train loss: 1.6949
2023-50-16 10:50:47 INFO     	 Epoch 14 | average valid loss: 6.0492
2023-50-16 10:50:48 INFO     MRR: 0.386, Hits@1: 0.261, Hits@3: 0.446, Hits@10: 0.630 
2023-50-16 10:50:52 INFO     	 Epoch 15 | average train loss: 1.6678
2023-50-16 10:50:52 INFO     	 Epoch 15 | average valid loss: 6.0246
2023-50-16 10:50:56 INFO     	 Epoch 16 | average train loss: 1.6445
2023-50-16 10:50:56 INFO     	 Epoch 16 | average valid loss: 5.9957
2023-51-16 10:51:00 INFO     	 Epoch 17 | average train loss: 1.6248
2023-51-16 10:51:00 INFO     	 Epoch 17 | average valid loss: 5.9721
2023-51-16 10:51:03 INFO     	 Epoch 18 | average train loss: 1.6076
2023-51-16 10:51:03 INFO     	 Epoch 18 | average valid loss: 5.9600
2023-51-16 10:51:07 INFO     	 Epoch 19 | average train loss: 1.5915
2023-51-16 10:51:07 INFO     	 Epoch 19 | average valid loss: 5.9458
2023-51-16 10:51:09 INFO     MRR: 0.391, Hits@1: 0.264, Hits@3: 0.454, Hits@10: 0.640 
2023-51-16 10:51:12 INFO     	 Epoch 20 | average train loss: 1.5786
2023-51-16 10:51:12 INFO     	 Epoch 20 | average valid loss: 5.9400
2023-51-16 10:51:16 INFO     	 Epoch 21 | average train loss: 1.5663
2023-51-16 10:51:16 INFO     	 Epoch 21 | average valid loss: 5.9313
2023-51-16 10:51:20 INFO     	 Epoch 22 | average train loss: 1.5557
2023-51-16 10:51:20 INFO     	 Epoch 22 | average valid loss: 5.9175
2023-51-16 10:51:24 INFO     	 Epoch 23 | average train loss: 1.5456
2023-51-16 10:51:24 INFO     	 Epoch 23 | average valid loss: 5.9090
2023-51-16 10:51:27 INFO     	 Epoch 24 | average train loss: 1.5368
2023-51-16 10:51:27 INFO     	 Epoch 24 | average valid loss: 5.9080
2023-51-16 10:51:29 INFO     MRR: 0.382, Hits@1: 0.257, Hits@3: 0.442, Hits@10: 0.629 
2023-51-16 10:51:32 INFO     	 Epoch 25 | average train loss: 1.5286
2023-51-16 10:51:33 INFO     	 Epoch 25 | average valid loss: 5.9149
2023-51-16 10:51:36 INFO     	 Epoch 26 | average train loss: 1.5216
2023-51-16 10:51:36 INFO     	 Epoch 26 | average valid loss: 5.9162
2023-51-16 10:51:40 INFO     	 Epoch 27 | average train loss: 1.5150
2023-51-16 10:51:40 INFO     	 Epoch 27 | average valid loss: 5.9200
2023-51-16 10:51:44 INFO     	 Epoch 28 | average train loss: 1.5088
2023-51-16 10:51:44 INFO     	 Epoch 28 | average valid loss: 5.9190
2023-51-16 10:51:48 INFO     	 Epoch 29 | average train loss: 1.5026
2023-51-16 10:51:48 INFO     	 Epoch 29 | average valid loss: 5.9246
2023-51-16 10:51:50 INFO     MRR: 0.390, Hits@1: 0.264, Hits@3: 0.451, Hits@10: 0.637 
2023-51-16 10:51:53 INFO     	 Epoch 30 | average train loss: 1.4971
2023-51-16 10:51:53 INFO     	 Epoch 30 | average valid loss: 5.9305
