2023-59-16 09:59:24 INFO     Saving logs in logs/01_16/WN18/TransE_09_59_24
2023-59-16 09:59:24 INFO     active_num = 1000
2023-59-16 09:59:24 INFO     batch_size = 500
2023-59-16 09:59:24 INFO     counter = 10
2023-59-16 09:59:24 INFO     dataset = WN18
2023-59-16 09:59:24 INFO     debug = False
2023-59-16 09:59:24 INFO     device = cuda
2023-59-16 09:59:24 INFO     dyn_scale = False
2023-59-16 09:59:24 INFO     expected_completion_ratio = 0.99
2023-59-16 09:59:24 INFO     hidden_size = 200
2023-59-16 09:59:24 INFO     incremental_learning_rate = 0.001
2023-59-16 09:59:24 INFO     max_epochs = 200
2023-59-16 09:59:24 INFO     model = TransE
2023-59-16 09:59:24 INFO     n_ent = 40943
2023-59-16 09:59:24 INFO     n_rel = 18
2023-59-16 09:59:24 INFO     neg_size = -1
2023-59-16 09:59:24 INFO     optimizer = Adam
2023-59-16 09:59:24 INFO     patient = 10
2023-59-16 09:59:24 INFO     pretrain_learning_rate = 0.001
2023-59-16 09:59:24 INFO     pretrained_model_id = None
2023-59-16 09:59:24 INFO     reg_weight = 0
2023-59-16 09:59:24 INFO     regularizer = F2
2023-59-16 09:59:24 INFO     save_dir = logs/01_16/WN18/TransE_09_59_24
2023-59-16 09:59:24 INFO     setting = active_learning
2023-59-16 09:59:24 INFO     sta_scale = 1
2023-59-16 09:59:24 INFO     train_ratio = 0.9
2023-59-16 09:59:24 INFO     valid_period = 5
2023-59-16 09:59:24 INFO     	 Loading WN18 in active_learning setting, with shape (40943, 18)
2023-59-16 09:59:33 INFO     Total number of parameters 8195800
2023-59-16 09:59:33 INFO     	 Do not specific a pretraiend model, then training from scratch.
2023-59-16 09:59:33 INFO     	 Start pretraining phase 1: on training split.
