2023-12-16 10:12:30 INFO     Saving logs in logs/01_16/WN18/TransE_10_12_30
2023-12-16 10:12:30 INFO     active_num = 1000
2023-12-16 10:12:30 INFO     batch_size = 500
2023-12-16 10:12:30 INFO     counter = 10
2023-12-16 10:12:30 INFO     dataset = WN18
2023-12-16 10:12:30 INFO     debug = False
2023-12-16 10:12:30 INFO     device = cuda
2023-12-16 10:12:30 INFO     dyn_scale = False
2023-12-16 10:12:30 INFO     expected_completion_ratio = 0.99
2023-12-16 10:12:30 INFO     hidden_size = 200
2023-12-16 10:12:30 INFO     incremental_learning_rate = 0.001
2023-12-16 10:12:30 INFO     init_scale = 0.001
2023-12-16 10:12:30 INFO     max_epochs = 200
2023-12-16 10:12:30 INFO     model = TransE
2023-12-16 10:12:30 INFO     n_ent = 40943
2023-12-16 10:12:30 INFO     n_rel = 18
2023-12-16 10:12:30 INFO     neg_size = -1
2023-12-16 10:12:30 INFO     optimizer = Adam
2023-12-16 10:12:30 INFO     patient = 10
2023-12-16 10:12:30 INFO     pretrain_learning_rate = 0.001
2023-12-16 10:12:30 INFO     pretrained_model_id = None
2023-12-16 10:12:30 INFO     reg_weight = 0
2023-12-16 10:12:30 INFO     regularizer = F2
2023-12-16 10:12:30 INFO     save_dir = logs/01_16/WN18/TransE_10_12_30
2023-12-16 10:12:30 INFO     setting = active_learning
2023-12-16 10:12:30 INFO     sta_scale = 1
2023-12-16 10:12:30 INFO     train_ratio = 0.9
2023-12-16 10:12:30 INFO     valid_period = 5
2023-12-16 10:12:30 INFO     	 Loading WN18 in active_learning setting, with shape (40943, 18)
2023-12-16 10:12:38 INFO     Total number of parameters 8195800
2023-12-16 10:12:38 INFO     	 Do not specific a pretraiend model, then training from scratch.
2023-12-16 10:12:38 INFO     	 Start pretraining phase 1: on training split.
2023-12-16 10:12:43 INFO     	 Epoch 0 | average train loss: 10.0133
2023-12-16 10:12:43 INFO     	 Epoch 0 | average valid loss: 18.0443
2023-12-16 10:12:46 INFO     	 Epoch 1 | average train loss: 8.0622
2023-12-16 10:12:47 INFO     	 Epoch 1 | average valid loss: 15.1008
2023-12-16 10:12:50 INFO     	 Epoch 2 | average train loss: 5.9601
2023-12-16 10:12:50 INFO     	 Epoch 2 | average valid loss: 11.3462
2023-12-16 10:12:54 INFO     	 Epoch 3 | average train loss: 3.9357
2023-12-16 10:12:54 INFO     	 Epoch 3 | average valid loss: 8.8442
2023-12-16 10:12:58 INFO     	 Epoch 4 | average train loss: 2.9973
2023-12-16 10:12:58 INFO     	 Epoch 4 | average valid loss: 7.8334
